<?xml version="1.0" encoding="UTF-8"?>
<!-- Generated by org.testng.reporters.JUnitReportReporter -->
<testsuite skipped="0" hostname="cogzwell" name="TestModules.TM_ReadyMadeFrames" tests="1" failures="0" timestamp="25 Jul 2017 09:41:56 GMT" time="0.962" errors="0">
  <testcase name="Filter" time="0.962" classname="TestModules.TM_ReadyMadeFrames"/>
</testsuite> <!-- TestModules.TM_ReadyMadeFrames -->
