<?xml version="1.0" encoding="UTF-8"?>
<!-- Generated by org.testng.reporters.JUnitReportReporter -->
<testsuite skipped="0" hostname="cogzwell" name="TestModules.TM_signIn" tests="2" failures="0" timestamp="25 Jul 2017 02:01:53 GMT" time="11.960" errors="0">
  <testcase name="TC_034" time="5.077" classname="TestModules.TM_signIn"/>
  <testcase name="TC_037" time="6.883" classname="TestModules.TM_signIn"/>
</testsuite> <!-- TestModules.TM_signIn -->
