<?xml version="1.0" encoding="UTF-8"?>
<!-- Generated by org.testng.reporters.JUnitReportReporter -->
<testsuite skipped="0" hostname="cogzwell" name="TestModules.TM_Contact" tests="4" failures="0" timestamp="25 Jul 2017 07:48:53 GMT" time="6.527" errors="0">
  <testcase name="TC_029" time="1.795" classname="TestModules.TM_Contact"/>
  <testcase name="TC_028" time="0.701" classname="TestModules.TM_Contact"/>
  <testcase name="TC_026" time="0.756" classname="TestModules.TM_Contact"/>
  <testcase name="TC_025" time="3.275" classname="TestModules.TM_Contact"/>
</testsuite> <!-- TestModules.TM_Contact -->
