<?xml version="1.0" encoding="UTF-8"?>
<!-- Generated by org.testng.reporters.JUnitReportReporter -->
<testsuite skipped="0" hostname="cogzwell" name="TestModules.TM_login" tests="1" failures="0" timestamp="24 Jul 2017 07:37:32 GMT" time="6.469" errors="0">
  <testcase name="TC_004" time="6.469" classname="TestModules.TM_login"/>
</testsuite> <!-- TestModules.TM_login -->
